app/build/intermediates/manifest_merge_blame_file/debug/processDebugMainManifest/manifest-merger-blame-debug-report.txt
1<?xml version="1.0" encoding="utf-8"?>
2<manifest xmlns:android="http://schemas.android.com/apk/res/android"
3    package="com.worddraft"
4    android:versionCode="5"
5    android:versionName="1.0.3+5" >
6
7    <uses-sdk
8        android:minSdkVersion="24"
9        android:targetSdkVersion="35" />
10
11    <!-- 网络权限（词典查询） -->
12    <uses-permission android:name="android.permission.INTERNET" />
12-->src/main/AndroidManifest.xml:6:5-67
12-->src/main/AndroidManifest.xml:6:22-64
13
14    <!-- 锁屏显示权限 -->
15    <uses-permission android:name="android.permission.WAKE_LOCK" />
15-->src/main/AndroidManifest.xml:9:5-68
15-->src/main/AndroidManifest.xml:9:22-65
16    <uses-permission android:name="android.permission.DISABLE_KEYGUARD" />
16-->src/main/AndroidManifest.xml:10:5-75
16-->src/main/AndroidManifest.xml:10:22-72
17    <uses-permission android:name="android.permission.SYSTEM_ALERT_WINDOW" />
17-->src/main/AndroidManifest.xml:11:5-78
17-->src/main/AndroidManifest.xml:11:22-75
18
19    <!-- 开机启动（可选，用于自动启动锁屏服务） -->
20    <uses-permission android:name="android.permission.RECEIVE_BOOT_COMPLETED" />
20-->src/main/AndroidManifest.xml:14:5-81
20-->src/main/AndroidManifest.xml:14:22-78
21
22    <!-- 前台服务权限（用于保持运行） -->
23    <uses-permission android:name="android.permission.FOREGROUND_SERVICE" />
23-->src/main/AndroidManifest.xml:17:5-77
23-->src/main/AndroidManifest.xml:17:22-74
24    <uses-permission android:name="android.permission.FOREGROUND_SERVICE_SPECIAL_USE" />
24-->src/main/AndroidManifest.xml:18:5-89
24-->src/main/AndroidManifest.xml:18:22-86
25
26    <!-- 小米MIUI特殊权限 -->
27    <uses-permission android:name="android.permission.REQUEST_IGNORE_BATTERY_OPTIMIZATIONS" />
27-->src/main/AndroidManifest.xml:21:5-95
27-->src/main/AndroidManifest.xml:21:22-92
28    <uses-permission android:name="android.permission.POST_NOTIFICATIONS" />
28-->src/main/AndroidManifest.xml:22:5-77
28-->src/main/AndroidManifest.xml:22:22-74
29
30    <permission
30-->[androidx.core:core:1.15.0] AndroidManifest.xml:22:5-24:47
31        android:name="com.worddraft.DYNAMIC_RECEIVER_NOT_EXPORTED_PERMISSION"
31-->[androidx.core:core:1.15.0] AndroidManifest.xml:23:9-81
32        android:protectionLevel="signature" />
32-->[androidx.core:core:1.15.0] AndroidManifest.xml:24:9-44
33
34    <uses-permission android:name="com.worddraft.DYNAMIC_RECEIVER_NOT_EXPORTED_PERMISSION" />
34-->[androidx.core:core:1.15.0] AndroidManifest.xml:26:5-97
34-->[androidx.core:core:1.15.0] AndroidManifest.xml:26:22-94
35
36    <application
36-->src/main/AndroidManifest.xml:24:5-107:19
37        android:name="com.worddraft.WordDraftApplication"
37-->src/main/AndroidManifest.xml:25:9-45
38        android:allowBackup="true"
38-->src/main/AndroidManifest.xml:26:9-35
39        android:appComponentFactory="androidx.core.app.CoreComponentFactory"
39-->[androidx.core:core:1.15.0] AndroidManifest.xml:28:18-86
40        android:dataExtractionRules="@xml/data_extraction_rules"
40-->src/main/AndroidManifest.xml:27:9-65
41        android:debuggable="true"
42        android:extractNativeLibs="false"
43        android:fullBackupContent="@xml/backup_rules"
43-->src/main/AndroidManifest.xml:28:9-54
44        android:icon="@mipmap/ic_launcher"
44-->src/main/AndroidManifest.xml:29:9-43
45        android:label="@string/app_name"
45-->src/main/AndroidManifest.xml:30:9-41
46        android:roundIcon="@mipmap/ic_launcher_round"
46-->src/main/AndroidManifest.xml:31:9-54
47        android:supportsRtl="true"
47-->src/main/AndroidManifest.xml:32:9-35
48        android:theme="@style/Theme.WordDraft"
48-->src/main/AndroidManifest.xml:33:9-47
49        android:usesCleartextTraffic="true" >
49-->src/main/AndroidManifest.xml:34:9-44
50        <activity
50-->src/main/AndroidManifest.xml:37:9-47:20
51            android:name="com.worddraft.MainActivity"
51-->src/main/AndroidManifest.xml:38:13-41
52            android:exported="true"
52-->src/main/AndroidManifest.xml:39:13-36
53            android:label="@string/app_name"
53-->src/main/AndroidManifest.xml:40:13-45
54            android:launchMode="singleTask"
54-->src/main/AndroidManifest.xml:42:13-44
55            android:theme="@style/Theme.WordDraft" >
55-->src/main/AndroidManifest.xml:41:13-51
56            <intent-filter>
56-->src/main/AndroidManifest.xml:43:13-46:29
57                <action android:name="android.intent.action.MAIN" />
57-->src/main/AndroidManifest.xml:44:17-69
57-->src/main/AndroidManifest.xml:44:25-66
58
59                <category android:name="android.intent.category.LAUNCHER" />
59-->src/main/AndroidManifest.xml:45:17-77
59-->src/main/AndroidManifest.xml:45:27-74
60            </intent-filter>
61        </activity>
62
63        <!-- 锁屏Activity -->
64        <activity
64-->src/main/AndroidManifest.xml:50:9-58:65
65            android:name="com.worddraft.LockScreenActivity"
65-->src/main/AndroidManifest.xml:51:13-47
66            android:excludeFromRecents="true"
66-->src/main/AndroidManifest.xml:53:13-46
67            android:exported="true"
67-->src/main/AndroidManifest.xml:52:13-36
68            android:launchMode="singleInstance"
68-->src/main/AndroidManifest.xml:54:13-48
69            android:showOnLockScreen="true"
69-->src/main/AndroidManifest.xml:55:13-44
70            android:showWhenLocked="true"
70-->src/main/AndroidManifest.xml:57:13-42
71            android:theme="@style/Theme.WordDraft.LockScreen"
71-->src/main/AndroidManifest.xml:58:13-62
72            android:turnScreenOn="true" />
72-->src/main/AndroidManifest.xml:56:13-40
73
74        <!-- 锁屏前台服务 -->
75        <service
75-->src/main/AndroidManifest.xml:61:9-69:19
76            android:name="com.worddraft.service.LockScreenService"
76-->src/main/AndroidManifest.xml:62:13-54
77            android:enabled="true"
77-->src/main/AndroidManifest.xml:63:13-35
78            android:exported="false"
78-->src/main/AndroidManifest.xml:64:13-37
79            android:foregroundServiceType="specialUse" >
79-->src/main/AndroidManifest.xml:65:13-55
80            <property
80-->src/main/AndroidManifest.xml:66:13-68:60
81                android:name="android.app.PROPERTY_SPECIAL_USE_FGS_SUBTYPE"
81-->src/main/AndroidManifest.xml:67:17-76
82                android:value="lock_screen_word_display" />
82-->src/main/AndroidManifest.xml:68:17-57
83        </service>
84
85        <!-- 守护服务 -->
86        <service
86-->src/main/AndroidManifest.xml:72:9-80:19
87            android:name="com.worddraft.service.GuardService"
87-->src/main/AndroidManifest.xml:73:13-49
88            android:enabled="true"
88-->src/main/AndroidManifest.xml:74:13-35
89            android:exported="false"
89-->src/main/AndroidManifest.xml:75:13-37
90            android:foregroundServiceType="specialUse" >
90-->src/main/AndroidManifest.xml:76:13-55
91            <property
91-->src/main/AndroidManifest.xml:66:13-68:60
92                android:name="android.app.PROPERTY_SPECIAL_USE_FGS_SUBTYPE"
92-->src/main/AndroidManifest.xml:67:17-76
93                android:value="keep_alive_service" />
93-->src/main/AndroidManifest.xml:68:17-57
94        </service>
95
96        <!-- 开机启动广播接收器 -->
97        <receiver
97-->src/main/AndroidManifest.xml:83:9-91:20
98            android:name="com.worddraft.service.LockScreenReceiver"
98-->src/main/AndroidManifest.xml:84:13-55
99            android:enabled="true"
99-->src/main/AndroidManifest.xml:85:13-35
100            android:exported="true" >
100-->src/main/AndroidManifest.xml:86:13-36
101            <intent-filter>
101-->src/main/AndroidManifest.xml:87:13-90:29
102                <action android:name="android.intent.action.BOOT_COMPLETED" />
102-->src/main/AndroidManifest.xml:88:17-79
102-->src/main/AndroidManifest.xml:88:25-76
103                <action android:name="android.intent.action.QUICKBOOT_POWERON" />
103-->src/main/AndroidManifest.xml:89:17-82
103-->src/main/AndroidManifest.xml:89:25-79
104            </intent-filter>
105        </receiver>
106
107        <!-- 无障碍服务 - 监听屏幕亮起事件 -->
108        <service
108-->src/main/AndroidManifest.xml:94:9-105:19
109            android:name="com.worddraft.service.LockScreenAccessibilityService"
109-->src/main/AndroidManifest.xml:95:13-67
110            android:enabled="true"
110-->src/main/AndroidManifest.xml:96:13-35
111            android:exported="true"
111-->src/main/AndroidManifest.xml:97:13-36
112            android:permission="android.permission.BIND_ACCESSIBILITY_SERVICE" >
112-->src/main/AndroidManifest.xml:98:13-79
113            <intent-filter>
113-->src/main/AndroidManifest.xml:99:13-101:29
114                <action android:name="android.accessibilityservice.AccessibilityService" />
114-->src/main/AndroidManifest.xml:100:17-92
114-->src/main/AndroidManifest.xml:100:25-89
115            </intent-filter>
116
117            <meta-data
117-->src/main/AndroidManifest.xml:102:13-104:72
118                android:name="android.accessibilityservice"
118-->src/main/AndroidManifest.xml:103:17-60
119                android:resource="@xml/accessibility_service_config" />
119-->src/main/AndroidManifest.xml:104:17-69
120        </service>
121
122        <provider
122-->[androidx.emoji2:emoji2:1.3.0] AndroidManifest.xml:24:9-32:20
123            android:name="androidx.startup.InitializationProvider"
123-->[androidx.emoji2:emoji2:1.3.0] AndroidManifest.xml:25:13-67
124            android:authorities="com.worddraft.androidx-startup"
124-->[androidx.emoji2:emoji2:1.3.0] AndroidManifest.xml:26:13-68
125            android:exported="false" >
125-->[androidx.emoji2:emoji2:1.3.0] AndroidManifest.xml:27:13-37
126            <meta-data
126-->[androidx.emoji2:emoji2:1.3.0] AndroidManifest.xml:29:13-31:52
127                android:name="androidx.emoji2.text.EmojiCompatInitializer"
127-->[androidx.emoji2:emoji2:1.3.0] AndroidManifest.xml:30:17-75
128                android:value="androidx.startup" />
128-->[androidx.emoji2:emoji2:1.3.0] AndroidManifest.xml:31:17-49
129            <meta-data
129-->[androidx.lifecycle:lifecycle-process:2.8.7] AndroidManifest.xml:29:13-31:52
130                android:name="androidx.lifecycle.ProcessLifecycleInitializer"
130-->[androidx.lifecycle:lifecycle-process:2.8.7] AndroidManifest.xml:30:17-78
131                android:value="androidx.startup" />
131-->[androidx.lifecycle:lifecycle-process:2.8.7] AndroidManifest.xml:31:17-49
132            <meta-data
132-->[androidx.profileinstaller:profileinstaller:1.3.1] AndroidManifest.xml:29:13-31:52
133                android:name="androidx.profileinstaller.ProfileInstallerInitializer"
133-->[androidx.profileinstaller:profileinstaller:1.3.1] AndroidManifest.xml:30:17-85
134                android:value="androidx.startup" />
134-->[androidx.profileinstaller:profileinstaller:1.3.1] AndroidManifest.xml:31:17-49
135        </provider>
136
137        <activity
137-->[androidx.compose.ui:ui-test-manifest:1.7.6] AndroidManifest.xml:23:9-25:39
138            android:name="androidx.activity.ComponentActivity"
138-->[androidx.compose.ui:ui-test-manifest:1.7.6] AndroidManifest.xml:24:13-63
139            android:exported="true" />
139-->[androidx.compose.ui:ui-test-manifest:1.7.6] AndroidManifest.xml:25:13-36
140        <activity
140-->[androidx.compose.ui:ui-tooling-android:1.7.6] AndroidManifest.xml:23:9-25:39
141            android:name="androidx.compose.ui.tooling.PreviewActivity"
141-->[androidx.compose.ui:ui-tooling-android:1.7.6] AndroidManifest.xml:24:13-71
142            android:exported="true" />
142-->[androidx.compose.ui:ui-tooling-android:1.7.6] AndroidManifest.xml:25:13-36
143
144        <service
144-->[androidx.room:room-runtime:2.6.1] AndroidManifest.xml:24:9-28:63
145            android:name="androidx.room.MultiInstanceInvalidationService"
145-->[androidx.room:room-runtime:2.6.1] AndroidManifest.xml:25:13-74
146            android:directBootAware="true"
146-->[androidx.room:room-runtime:2.6.1] AndroidManifest.xml:26:13-43
147            android:exported="false" />
147-->[androidx.room:room-runtime:2.6.1] AndroidManifest.xml:27:13-37
148
149        <receiver
149-->[androidx.profileinstaller:profileinstaller:1.3.1] AndroidManifest.xml:34:9-52:20
150            android:name="androidx.profileinstaller.ProfileInstallReceiver"
150-->[androidx.profileinstaller:profileinstaller:1.3.1] AndroidManifest.xml:35:13-76
151            android:directBootAware="false"
151-->[androidx.profileinstaller:profileinstaller:1.3.1] AndroidManifest.xml:36:13-44
152            android:enabled="true"
152-->[androidx.profileinstaller:profileinstaller:1.3.1] AndroidManifest.xml:37:13-35
153            android:exported="true"
153-->[androidx.profileinstaller:profileinstaller:1.3.1] AndroidManifest.xml:38:13-36
154            android:permission="android.permission.DUMP" >
154-->[androidx.profileinstaller:profileinstaller:1.3.1] AndroidManifest.xml:39:13-57
155            <intent-filter>
155-->[androidx.profileinstaller:profileinstaller:1.3.1] AndroidManifest.xml:40:13-42:29
156                <action android:name="androidx.profileinstaller.action.INSTALL_PROFILE" />
156-->[androidx.profileinstaller:profileinstaller:1.3.1] AndroidManifest.xml:41:17-91
156-->[androidx.profileinstaller:profileinstaller:1.3.1] AndroidManifest.xml:41:25-88
157            </intent-filter>
158            <intent-filter>
158-->[androidx.profileinstaller:profileinstaller:1.3.1] AndroidManifest.xml:43:13-45:29
159                <action android:name="androidx.profileinstaller.action.SKIP_FILE" />
159-->[androidx.profileinstaller:profileinstaller:1.3.1] AndroidManifest.xml:44:17-85
159-->[androidx.profileinstaller:profileinstaller:1.3.1] AndroidManifest.xml:44:25-82
160            </intent-filter>
161            <intent-filter>
161-->[androidx.profileinstaller:profileinstaller:1.3.1] AndroidManifest.xml:46:13-48:29
162                <action android:name="androidx.profileinstaller.action.SAVE_PROFILE" />
162-->[androidx.profileinstaller:profileinstaller:1.3.1] AndroidManifest.xml:47:17-88
162-->[androidx.profileinstaller:profileinstaller:1.3.1] AndroidManifest.xml:47:25-85
163            </intent-filter>
164            <intent-filter>
164-->[androidx.profileinstaller:profileinstaller:1.3.1] AndroidManifest.xml:49:13-51:29
165                <action android:name="androidx.profileinstaller.action.BENCHMARK_OPERATION" />
165-->[androidx.profileinstaller:profileinstaller:1.3.1] AndroidManifest.xml:50:17-95
165-->[androidx.profileinstaller:profileinstaller:1.3.1] AndroidManifest.xml:50:25-92
166            </intent-filter>
167        </receiver>
168    </application>
169
170</manifest>